2015-04-06 23:37:37,127 - [INFO] - from play in play-fork-run-akka.actor.default-dispatcher-6 
Listening for HTTP on /0:0:0:0:0:0:0:0:9000

2015-04-06 23:37:51,888 - [WARN] - from com.jolbox.bonecp.BoneCPConfig in play-internal-execution-context-1 
JDBC username was not set in config!

2015-04-06 23:37:51,889 - [WARN] - from com.jolbox.bonecp.BoneCPConfig in play-internal-execution-context-1 
JDBC password was not set in config!

2015-04-06 23:37:52,187 - [INFO] - from play in play-internal-execution-context-1 
database [default] connected at jdbc:h2:mem:play

2015-04-06 23:37:52,792 - [WARN] - from com.avaje.ebeaninternal.server.ddl.CreateTableVisitor in play-internal-execution-context-1 
Table name [user] is a suspected SQL reserved word for bean models.User

2015-04-06 23:37:52,880 - [ERROR] - from application in New I/O worker #1 


! @6llml319b - Internal server error, for (GET) [/] ->

play.api.db.evolutions.InvalidDatabaseRevision: Database 'default' needs evolution![An SQL script need to be run on your database.]
	at play.api.db.evolutions.EvolutionsPlugin$$anonfun$onStart$1$$anonfun$apply$1.apply$mcV$sp(Evolutions.scala:510) ~[play-jdbc_2.10-2.3.8.jar:2.3.8]
	at play.api.db.evolutions.EvolutionsPlugin.withLock(Evolutions.scala:531) ~[play-jdbc_2.10-2.3.8.jar:2.3.8]
	at play.api.db.evolutions.EvolutionsPlugin$$anonfun$onStart$1.apply(Evolutions.scala:485) ~[play-jdbc_2.10-2.3.8.jar:2.3.8]
	at play.api.db.evolutions.EvolutionsPlugin$$anonfun$onStart$1.apply(Evolutions.scala:483) ~[play-jdbc_2.10-2.3.8.jar:2.3.8]
	at scala.collection.immutable.List.foreach(List.scala:318) ~[scala-library.jar:na]
	at play.api.db.evolutions.EvolutionsPlugin.onStart(Evolutions.scala:483) ~[play-jdbc_2.10-2.3.8.jar:2.3.8]
	at play.api.Play$$anonfun$start$1$$anonfun$apply$mcV$sp$1.apply(Play.scala:91) ~[play_2.10-2.3.8.jar:2.3.8]
	at play.api.Play$$anonfun$start$1$$anonfun$apply$mcV$sp$1.apply(Play.scala:91) ~[play_2.10-2.3.8.jar:2.3.8]
	at scala.collection.immutable.List.foreach(List.scala:318) ~[scala-library.jar:na]
	at play.api.Play$$anonfun$start$1.apply$mcV$sp(Play.scala:91) ~[play_2.10-2.3.8.jar:2.3.8]
	at play.api.Play$$anonfun$start$1.apply(Play.scala:91) ~[play_2.10-2.3.8.jar:2.3.8]
	at play.api.Play$$anonfun$start$1.apply(Play.scala:91) ~[play_2.10-2.3.8.jar:2.3.8]
	at play.utils.Threads$.withContextClassLoader(Threads.scala:21) ~[play_2.10-2.3.8.jar:2.3.8]
	at play.api.Play$.start(Play.scala:90) ~[play_2.10-2.3.8.jar:2.3.8]
	at play.core.ReloadableApplication$$anonfun$get$1$$anonfun$apply$1$$anonfun$1.apply(ApplicationProvider.scala:157) ~[play_2.10-2.3.8.jar:2.3.8]
	at play.core.ReloadableApplication$$anonfun$get$1$$anonfun$apply$1$$anonfun$1.apply(ApplicationProvider.scala:130) ~[play_2.10-2.3.8.jar:2.3.8]
	at scala.Option.map(Option.scala:145) ~[scala-library.jar:na]
	at play.core.ReloadableApplication$$anonfun$get$1$$anonfun$apply$1.apply(ApplicationProvider.scala:130) ~[play_2.10-2.3.8.jar:2.3.8]
	at play.core.ReloadableApplication$$anonfun$get$1$$anonfun$apply$1.apply(ApplicationProvider.scala:128) ~[play_2.10-2.3.8.jar:2.3.8]
	at scala.util.Success.flatMap(Try.scala:200) ~[scala-library.jar:na]
	at play.core.ReloadableApplication$$anonfun$get$1.apply(ApplicationProvider.scala:128) ~[play_2.10-2.3.8.jar:2.3.8]
	at play.core.ReloadableApplication$$anonfun$get$1.apply(ApplicationProvider.scala:120) ~[play_2.10-2.3.8.jar:2.3.8]
	at scala.concurrent.impl.Future$PromiseCompletingRunnable.liftedTree1$1(Future.scala:24) ~[scala-library.jar:na]
	at scala.concurrent.impl.Future$PromiseCompletingRunnable.run(Future.scala:24) ~[scala-library.jar:na]
	at scala.concurrent.forkjoin.ForkJoinTask$AdaptedRunnableAction.exec(ForkJoinTask.java:1361) ~[scala-library.jar:na]
	at scala.concurrent.forkjoin.ForkJoinTask.doExec(ForkJoinTask.java:260) ~[scala-library.jar:na]
	at scala.concurrent.forkjoin.ForkJoinPool$WorkQueue.runTask(ForkJoinPool.java:1339) ~[scala-library.jar:na]
	at scala.concurrent.forkjoin.ForkJoinPool.runWorker(ForkJoinPool.java:1979) ~[scala-library.jar:na]
	at scala.concurrent.forkjoin.ForkJoinWorkerThread.run(ForkJoinWorkerThread.java:107) ~[scala-library.jar:na]

2015-04-06 23:37:58,816 - [WARN] - from com.jolbox.bonecp.BoneCPConfig in play-internal-execution-context-1 
JDBC username was not set in config!

2015-04-06 23:37:58,816 - [WARN] - from com.jolbox.bonecp.BoneCPConfig in play-internal-execution-context-1 
JDBC password was not set in config!

2015-04-06 23:37:58,903 - [INFO] - from play in play-internal-execution-context-1 
database [default] connected at jdbc:h2:mem:play

2015-04-06 23:37:59,188 - [WARN] - from com.avaje.ebean.Ebean in play-internal-execution-context-1 
Existing EbeanServer [default] is being replaced?

2015-04-06 23:37:59,189 - [WARN] - from com.avaje.ebeaninternal.server.ddl.CreateTableVisitor in play-internal-execution-context-1 
Table name [user] is a suspected SQL reserved word for bean models.User

2015-04-06 23:37:59,913 - [INFO] - from play in play-internal-execution-context-1 
Application started (Dev)

2015-04-06 23:38:13,702 - [INFO] - from play in play-akka.actor.default-dispatcher-6 
Starting application default Akka system.

2015-04-06 23:38:14,720 - [DEBUG] - from application in application-akka.actor.default-dispatcher-3 
Mail.sendMail: Mail will be sent to sucahyo.tjokro@gmail.com

2015-04-06 23:38:14,721 - [INFO] - from application in application-akka.actor.default-dispatcher-3 
MOCK MAILER: send email

2015-04-06 23:38:14,722 - [INFO] - from application in application-akka.actor.default-dispatcher-3 
FROM:null

2015-04-06 23:38:14,724 - [INFO] - from application in application-akka.actor.default-dispatcher-3 
TO:sucahyo.tjokro@gmail.com

2015-04-06 23:38:14,726 - [INFO] - from application in application-akka.actor.default-dispatcher-3 
TEXT: Welcome to PlayStartApp. <br> Click on this link : http://localhost:9000/confirm/9443a88d-d2ed-4be8-aa0e-9141e2c07729 to confirm your email.

 null

2015-04-06 23:38:14,726 - [INFO] - from application in application-akka.actor.default-dispatcher-3 
HTML: Welcome to PlayStartApp. <br> Click on this link : http://localhost:9000/confirm/9443a88d-d2ed-4be8-aa0e-9141e2c07729 to confirm your email.<br><br>--<br>null

2015-04-06 23:38:14,727 - [DEBUG] - from application in application-akka.actor.default-dispatcher-3 
Mail sent - SMTP:null:null SSL:null user:null password:null

2015-04-06 23:39:01,292 - [WARN] - from play in play-akka.actor.default-dispatcher-4 
You are using status code '200' with flashing, which should only be used with a redirect status!

2015-04-06 23:39:02,295 - [DEBUG] - from application in application-akka.actor.default-dispatcher-2 
Mail.sendMail: Mail will be sent to sucahyo.tjokro@gmail.com

2015-04-06 23:39:02,296 - [INFO] - from application in application-akka.actor.default-dispatcher-2 
MOCK MAILER: send email

2015-04-06 23:39:02,296 - [INFO] - from application in application-akka.actor.default-dispatcher-2 
FROM:null

2015-04-06 23:39:02,297 - [INFO] - from application in application-akka.actor.default-dispatcher-2 
TO:sucahyo.tjokro@gmail.com

2015-04-06 23:39:02,297 - [INFO] - from application in application-akka.actor.default-dispatcher-2 
TEXT: Welcome to PlayStartApp. <br> Your account is validated. Enjoy !

 null

2015-04-06 23:39:02,297 - [INFO] - from application in application-akka.actor.default-dispatcher-2 
HTML: Welcome to PlayStartApp. <br> Your account is validated. Enjoy !<br><br>--<br>null

2015-04-06 23:39:02,298 - [DEBUG] - from application in application-akka.actor.default-dispatcher-2 
Mail sent - SMTP:null:null SSL:null user:null password:null

2015-04-07 00:10:31,255 - [INFO] - from play in play-fork-run-akka.actor.default-dispatcher-13 
Shutdown application default Akka system.

